<?xml version="1.0" encoding="UTF-8"?>
<!-- Generated by org.testng.reporters.JUnitXMLReporter -->
<testsuite ignored="0" hostname="Balaji" failures="0" tests="2" name="Login UI Test - Chrome" time="67.691" errors="0" timestamp="2022-09-06T16:54:17 IST">
  <testcase classname="com.excelr.test.LoginUserInterfaceTest" name="applicationDescriptionTest" time="0.155"/>
  <testcase classname="com.excelr.test.LoginUserInterfaceTest" name="validateTitleTest" time="0.016"/>
</testsuite> <!-- Login UI Test - Chrome -->
