<?xml version="1.0" encoding="UTF-8"?>
<!-- Generated by org.testng.reporters.JUnitXMLReporter -->
<testsuite ignored="0" hostname="Balaji" failures="0" tests="5" name="Login UI Test" time="67.222" errors="0" timestamp="2022-09-06T16:42:43 IST">
  <testcase classname="com.excelr.test.LoginUserInterfaceTest" name="applicationDescriptionTest" time="0.099"/>
  <testcase classname="com.excelr.test.LoginUserInterfaceTest" name="validateTitleTest" time="0.009"/>
  <testcase classname="com.excelr.test.LoginTest" name="invalidCredentialTest" time="4.467"/>
  <testcase classname="com.excelr.test.LoginTest" name="invalidCredentialTest" time="5.838"/>
  <testcase classname="com.excelr.test.LoginTest" name="validCredentialTest" time="10.589"/>
</testsuite> <!-- Login UI Test -->
